2025-04-19 14:51:43,140 - root - INFO - 启动服务器
2025-04-19 14:52:31,609 - root - INFO - 启动服务器
2025-04-19 14:52:46,870 - root - INFO - 访问首页
2025-04-19 14:52:47,585 - root - INFO - 获取系统资源数据
2025-04-19 14:52:47,592 - root - INFO - 获取进程列表
2025-04-19 14:52:52,587 - root - INFO - 获取系统资源数据
2025-04-19 14:52:57,597 - root - INFO - 获取系统资源数据
2025-04-19 14:52:57,606 - root - INFO - 获取进程列表
2025-04-19 14:53:02,587 - root - INFO - 获取系统资源数据
2025-04-19 14:53:07,594 - root - INFO - 获取系统资源数据
2025-04-19 14:53:07,605 - root - INFO - 获取进程列表
2025-04-19 14:53:12,595 - root - INFO - 获取系统资源数据
2025-04-19 14:53:17,586 - root - INFO - 获取系统资源数据
2025-04-19 14:53:17,594 - root - INFO - 获取进程列表
2025-04-19 14:53:22,598 - root - INFO - 获取系统资源数据
2025-04-19 14:53:27,601 - root - INFO - 获取系统资源数据
2025-04-19 14:53:27,615 - root - INFO - 获取进程列表
2025-04-19 14:53:32,601 - root - INFO - 获取系统资源数据
2025-04-19 14:53:35,999 - root - INFO - 扫描端口: 80
2025-04-19 14:53:37,595 - root - INFO - 获取系统资源数据
2025-04-19 14:53:37,604 - root - INFO - 获取进程列表
2025-04-19 14:53:42,599 - root - INFO - 获取系统资源数据
2025-04-19 14:53:47,604 - root - INFO - 获取系统资源数据
2025-04-19 14:53:47,615 - root - INFO - 获取进程列表
2025-04-19 14:53:51,039 - root - INFO - 扫描端口: xueyaoxuan.cn
2025-04-19 14:53:52,604 - root - INFO - 获取系统资源数据
2025-04-19 14:53:54,785 - root - INFO - 扫描端口: xueyaoxuan.cn
2025-04-19 14:53:57,606 - root - INFO - 获取系统资源数据
2025-04-19 14:53:57,624 - root - INFO - 获取进程列表
2025-04-19 14:54:02,598 - root - INFO - 获取系统资源数据
2025-04-19 14:54:07,607 - root - INFO - 获取系统资源数据
2025-04-19 14:54:07,618 - root - INFO - 获取进程列表
2025-04-19 14:57:52,976 - root - INFO - 启动服务器
2025-04-19 14:58:12,240 - root - INFO - 访问首页
2025-04-19 14:58:12,632 - root - INFO - 获取系统资源数据
2025-04-19 14:58:12,640 - root - INFO - 获取进程列表
2025-04-19 14:58:17,649 - root - INFO - 获取系统资源数据
2025-04-19 14:58:22,645 - root - INFO - 获取系统资源数据
2025-04-19 14:58:22,654 - root - INFO - 获取进程列表
2025-04-19 14:58:27,630 - root - INFO - 获取系统资源数据
2025-04-19 14:58:32,942 - root - INFO - 获取系统资源数据
2025-04-19 14:58:32,948 - root - INFO - 获取进程列表
2025-04-19 14:58:37,630 - root - INFO - 获取系统资源数据
2025-04-19 14:58:42,631 - root - INFO - 获取系统资源数据
2025-04-19 14:58:42,638 - root - INFO - 获取进程列表
2025-04-19 14:58:47,631 - root - INFO - 获取系统资源数据
2025-04-19 14:58:52,633 - root - INFO - 获取系统资源数据
2025-04-19 14:58:52,639 - root - INFO - 获取进程列表
2025-04-19 14:58:57,634 - root - INFO - 获取系统资源数据
2025-04-19 14:59:02,639 - root - INFO - 获取系统资源数据
2025-04-19 14:59:02,647 - root - INFO - 获取进程列表
2025-04-19 14:59:07,642 - root - INFO - 获取系统资源数据
2025-04-19 14:59:12,633 - root - INFO - 获取系统资源数据
2025-04-19 14:59:12,639 - root - INFO - 获取进程列表
2025-04-19 14:59:17,645 - root - INFO - 获取系统资源数据
2025-04-19 14:59:22,647 - root - INFO - 获取系统资源数据
2025-04-19 14:59:22,662 - root - INFO - 获取进程列表
2025-04-19 14:59:27,634 - root - INFO - 获取系统资源数据
2025-04-19 14:59:32,635 - root - INFO - 获取系统资源数据
2025-04-19 14:59:32,640 - root - INFO - 获取进程列表
2025-04-21 20:23:11,140 - root - INFO - 启动服务器
2025-04-21 20:23:53,695 - root - INFO - 启动服务器
2025-04-22 17:28:35,142 - root - INFO - 启动服务器
2025-04-22 17:29:53,056 - root - INFO - 启动服务器
2025-04-22 17:31:13,358 - root - INFO - 启动服务器
2025-04-22 18:59:09,208 - root - INFO - 启动服务器
2025-04-22 18:59:10,958 - root - INFO - 启动服务器
2025-04-22 19:00:10,960 - root - INFO - 启动服务器
2025-04-22 19:08:46,776 - root - INFO - 启动服务器
2025-04-22 19:09:01,002 - root - INFO - 访问首页
2025-04-22 19:09:01,401 - root - INFO - 获取系统资源数据
2025-04-22 19:09:01,410 - root - INFO - 获取进程列表
2025-04-22 19:09:06,403 - root - INFO - 获取系统资源数据
2025-04-22 19:09:11,413 - root - INFO - 获取系统资源数据
2025-04-22 19:09:11,420 - root - INFO - 获取进程列表
2025-04-22 19:09:16,414 - root - INFO - 获取系统资源数据
2025-04-22 19:09:21,405 - root - INFO - 获取系统资源数据
2025-04-22 19:09:21,412 - root - INFO - 获取进程列表
